<?xml version="1.0" encoding="UTF-8"?>
<testng-results ignored="0" total="4" passed="3" failed="1" skipped="0">
  <reporter-output>
  </reporter-output>
  <suite started-at="2022-10-10T14:10:54 IST" name="Suite" finished-at="2022-10-10T14:11:16 IST" duration-ms="22401">
    <groups>
    </groups>
    <test started-at="2022-10-10T14:10:54 IST" name="Test" finished-at="2022-10-10T14:11:16 IST" duration-ms="22401">
      <class name="com.sauceDemo.Testclass.TC03_VerifyBagProductFunctionality">
        <test-method is-config="true" signature="setUp(java.lang.String)[pri:0, instance:com.sauceDemo.Testclass.TC03_VerifyBagProductFunctionality@38cee291]" started-at="2022-10-10T14:11:10 IST" name="setUp" finished-at="2022-10-10T14:11:15 IST" duration-ms="4919" status="PASS">
          <params>
            <param index="0">
              <value>
                <![CDATA[firefox]]>
              </value>
            </param>
          </params>
          <reporter-output>
          </reporter-output>
        </test-method> <!-- setUp -->
        <test-method signature="verifyBagProductFunctionality()[pri:0, instance:com.sauceDemo.Testclass.TC03_VerifyBagProductFunctionality@38cee291]" started-at="2022-10-10T14:11:15 IST" name="verifyBagProductFunctionality" finished-at="2022-10-10T14:11:15 IST" duration-ms="446" status="PASS">
          <reporter-output>
          </reporter-output>
        </test-method> <!-- verifyBagProductFunctionality -->
        <test-method is-config="true" signature="tearDown()[pri:0, instance:com.sauceDemo.Testclass.TC03_VerifyBagProductFunctionality@38cee291]" started-at="2022-10-10T14:11:15 IST" name="tearDown" finished-at="2022-10-10T14:11:16 IST" duration-ms="1044" status="PASS">
          <reporter-output>
          </reporter-output>
        </test-method> <!-- tearDown -->
      </class> <!-- com.sauceDemo.Testclass.TC03_VerifyBagProductFunctionality -->
      <class name="com.sauceDemo.Testclass.TC01_VerifyLoginFunctionality">
        <test-method is-config="true" signature="setUp(java.lang.String)[pri:0, instance:com.sauceDemo.Testclass.TC01_VerifyLoginFunctionality@21282ed8]" started-at="2022-10-10T14:10:54 IST" name="setUp" finished-at="2022-10-10T14:11:00 IST" duration-ms="6057" status="PASS">
          <params>
            <param index="0">
              <value>
                <![CDATA[firefox]]>
              </value>
            </param>
          </params>
          <reporter-output>
          </reporter-output>
        </test-method> <!-- setUp -->
        <test-method is-config="true" signature="setUp()[pri:0, instance:com.sauceDemo.Testclass.TC01_VerifyLoginFunctionality@21282ed8]" started-at="2022-10-10T14:11:00 IST" name="setUp" finished-at="2022-10-10T14:11:03 IST" duration-ms="2999" status="PASS">
          <reporter-output>
          </reporter-output>
        </test-method> <!-- setUp -->
        <test-method signature="verifyLoginFunctionality()[pri:0, instance:com.sauceDemo.Testclass.TC01_VerifyLoginFunctionality@21282ed8]" started-at="2022-10-10T14:11:03 IST" name="verifyLoginFunctionality" finished-at="2022-10-10T14:11:03 IST" duration-ms="51" status="PASS">
          <reporter-output>
          </reporter-output>
        </test-method> <!-- verifyLoginFunctionality -->
        <test-method is-config="true" signature="tearDown()[pri:0, instance:com.sauceDemo.Testclass.TC01_VerifyLoginFunctionality@21282ed8]" started-at="2022-10-10T14:11:03 IST" name="tearDown" finished-at="2022-10-10T14:11:03 IST" duration-ms="232" status="PASS">
          <reporter-output>
          </reporter-output>
        </test-method> <!-- tearDown -->
      </class> <!-- com.sauceDemo.Testclass.TC01_VerifyLoginFunctionality -->
      <class name="com.sauceDemo.Testclass.TC04_VerifyAllProductFunctionality">
        <test-method signature="verifyAllProductFunctionality()[pri:0, instance:com.sauceDemo.Testclass.TC04_VerifyAllProductFunctionality@4b45a2f5]" started-at="2022-10-10T14:11:16 IST" name="verifyAllProductFunctionality" finished-at="2022-10-10T14:11:16 IST" duration-ms="2" status="FAIL">
          <exception class="java.lang.NullPointerException">
            <message>
              <![CDATA[Cannot invoke "org.openqa.selenium.SearchContext.findElement(org.openqa.selenium.By)" because "this.searchContext" is null]]>
            </message>
            <full-stacktrace>
              <![CDATA[java.lang.NullPointerException: Cannot invoke "org.openqa.selenium.SearchContext.findElement(org.openqa.selenium.By)" because "this.searchContext" is null
at org.openqa.selenium.support.pagefactory.DefaultElementLocator.findElement(DefaultElementLocator.java:70)
at org.openqa.selenium.support.pagefactory.internal.LocatingElementHandler.invoke(LocatingElementHandler.java:39)
at jdk.proxy2/jdk.proxy2.$Proxy18.getTagName(Unknown Source)
at org.openqa.selenium.support.ui.Select.<init>(Select.java:46)
at com.sauceDemo.POMclasses.HomePOMclass.<init>(HomePOMclass.java:90)
at com.sauceDemo.Testclass.TC04_VerifyAllProductFunctionality.verifyAllProductFunctionality(TC04_VerifyAllProductFunctionality.java:77)
at java.base/jdk.internal.reflect.DirectMethodHandleAccessor.invoke(DirectMethodHandleAccessor.java:104)
at java.base/java.lang.reflect.Method.invoke(Method.java:577)
at org.testng.internal.MethodInvocationHelper.invokeMethod(MethodInvocationHelper.java:133)
at org.testng.internal.TestInvoker.invokeMethod(TestInvoker.java:598)
at org.testng.internal.TestInvoker.invokeTestMethod(TestInvoker.java:173)
at org.testng.internal.MethodRunner.runInSequence(MethodRunner.java:46)
at org.testng.internal.TestInvoker$MethodInvocationAgent.invoke(TestInvoker.java:824)
at org.testng.internal.TestInvoker.invokeTestMethods(TestInvoker.java:146)
at org.testng.internal.TestMethodWorker.invokeTestMethods(TestMethodWorker.java:146)
at org.testng.internal.TestMethodWorker.run(TestMethodWorker.java:128)
at java.base/java.util.ArrayList.forEach(ArrayList.java:1511)
at org.testng.TestRunner.privateRun(TestRunner.java:794)
at org.testng.TestRunner.run(TestRunner.java:596)
at org.testng.SuiteRunner.runTest(SuiteRunner.java:377)
at org.testng.SuiteRunner.runSequentially(SuiteRunner.java:371)
at org.testng.SuiteRunner.privateRun(SuiteRunner.java:332)
at org.testng.SuiteRunner.run(SuiteRunner.java:276)
at org.testng.SuiteRunnerWorker.runSuite(SuiteRunnerWorker.java:53)
at org.testng.SuiteRunnerWorker.run(SuiteRunnerWorker.java:96)
at org.testng.TestNG.runSuitesSequentially(TestNG.java:1212)
at org.testng.TestNG.runSuitesLocally(TestNG.java:1134)
at org.testng.TestNG.runSuites(TestNG.java:1063)
at org.testng.TestNG.run(TestNG.java:1031)
at org.testng.remote.AbstractRemoteTestNG.run(AbstractRemoteTestNG.java:115)
at org.testng.remote.RemoteTestNG.initAndRun(RemoteTestNG.java:251)
at org.testng.remote.RemoteTestNG.main(RemoteTestNG.java:77)
]]>
            </full-stacktrace>
          </exception> <!-- java.lang.NullPointerException -->
          <reporter-output>
          </reporter-output>
        </test-method> <!-- verifyAllProductFunctionality -->
      </class> <!-- com.sauceDemo.Testclass.TC04_VerifyAllProductFunctionality -->
      <class name="com.sauceDemo.Testclass.TC02_VerifyLogOutFunctionality">
        <test-method is-config="true" signature="setUp(java.lang.String)[pri:0, instance:com.sauceDemo.Testclass.TC02_VerifyLogOutFunctionality@791f145a]" started-at="2022-10-10T14:11:03 IST" name="setUp" finished-at="2022-10-10T14:11:08 IST" duration-ms="4843" status="PASS">
          <params>
            <param index="0">
              <value>
                <![CDATA[firefox]]>
              </value>
            </param>
          </params>
          <reporter-output>
          </reporter-output>
        </test-method> <!-- setUp -->
        <test-method signature="verifyLOgOutFunctionality()[pri:0, instance:com.sauceDemo.Testclass.TC02_VerifyLogOutFunctionality@791f145a]" started-at="2022-10-10T14:11:08 IST" name="verifyLOgOutFunctionality" finished-at="2022-10-10T14:11:09 IST" duration-ms="679" status="PASS">
          <reporter-output>
          </reporter-output>
        </test-method> <!-- verifyLOgOutFunctionality -->
        <test-method is-config="true" signature="tearDown()[pri:0, instance:com.sauceDemo.Testclass.TC02_VerifyLogOutFunctionality@791f145a]" started-at="2022-10-10T14:11:09 IST" name="tearDown" finished-at="2022-10-10T14:11:10 IST" duration-ms="1065" status="PASS">
          <reporter-output>
          </reporter-output>
        </test-method> <!-- tearDown -->
      </class> <!-- com.sauceDemo.Testclass.TC02_VerifyLogOutFunctionality -->
    </test> <!-- Test -->
  </suite> <!-- Suite -->
</testng-results>
